[MASTER] 15:03:47.059 [pool-2-thread-1] ERROR ConcreteClassAnalyzer - Problem for com.recruit.recruitment.serviceImpl.UserServiceImpl. Class not found: org.springframework.data.querydsl.QSort
java.lang.ClassNotFoundException: Class not found: com/querydsl/core/types/Expression: java.lang.NullPointerException: Class not found com/querydsl/core/types/Expression
	at org.evosuite.instrumentation.InstrumentingClassLoader.instrumentClass(InstrumentingClassLoader.java:201)
	at org.evosuite.instrumentation.InstrumentingClassLoader.loadClass(InstrumentingClassLoader.java:168)
	at java.lang.Class.forName0(Native Method)
	at java.lang.Class.forName(Class.java:348)
	at org.evosuite.setup.ConcreteClassAnalyzer.getConcreteClassesImpl(ConcreteClassAnalyzer.java:130)
	at org.evosuite.setup.ConcreteClassAnalyzer.getConcreteClasses(ConcreteClassAnalyzer.java:61)
	at org.evosuite.setup.TestClusterGenerator.addDependency(TestClusterGenerator.java:878)
	at org.evosuite.setup.TestClusterGenerator.addDependencies(TestClusterGenerator.java:789)
	at org.evosuite.setup.TestClusterGenerator.addDependencyClass(TestClusterGenerator.java:985)
	at org.evosuite.setup.TestClusterGenerator.resolveDependencies(TestClusterGenerator.java:358)
	at org.evosuite.setup.TestClusterGenerator.generateCluster(TestClusterGenerator.java:137)
	at org.evosuite.setup.DependencyAnalysis.analyze(DependencyAnalysis.java:118)
	at org.evosuite.setup.DependencyAnalysis.analyzeClass(DependencyAnalysis.java:132)
	at org.evosuite.TestSuiteGenerator.initializeTargetClass(TestSuiteGenerator.java:110)
	at org.evosuite.TestSuiteGenerator.generateTestSuite(TestSuiteGenerator.java:130)
	at org.evosuite.rmi.service.ClientNodeImpl$1.run(ClientNodeImpl.java:145)
	at java.util.concurrent.Executors$RunnableAdapter.call(Executors.java:511)
	at java.util.concurrent.FutureTask.run(FutureTask.java:266)
	at java.util.concurrent.ThreadPoolExecutor.runWorker(ThreadPoolExecutor.java:1149)
	at java.util.concurrent.ThreadPoolExecutor$Worker.run(ThreadPoolExecutor.java:624)
	at java.lang.Thread.run(Thread.java:748)
Caused by: java.lang.RuntimeException: Class not found: com/querydsl/core/types/Expression: java.lang.NullPointerException: Class not found com/querydsl/core/types/Expression
	at org.evosuite.runtime.util.ComputeClassWriter.getCommonSuperClass(ComputeClassWriter.java:58)
	at org.evosuite.shaded.org.objectweb.asm.ClassWriter.getMergedType(ClassWriter.java:1729)
	at org.evosuite.shaded.org.objectweb.asm.Frame.merge(Frame.java:1530)
	at org.evosuite.shaded.org.objectweb.asm.Frame.merge(Frame.java:1478)
	at org.evosuite.shaded.org.objectweb.asm.MethodWriter.visitMaxs(MethodWriter.java:1497)
	at org.evosuite.shaded.org.objectweb.asm.MethodVisitor.visitMaxs(MethodVisitor.java:867)
	at org.evosuite.shaded.org.objectweb.asm.MethodVisitor.visitMaxs(MethodVisitor.java:867)
	at org.evosuite.shaded.org.objectweb.asm.MethodVisitor.visitMaxs(MethodVisitor.java:867)
	at org.evosuite.runtime.instrumentation.LoopCounterMethodAdapter.visitMaxs(LoopCounterMethodAdapter.java:48)
	at org.evosuite.shaded.org.objectweb.asm.tree.MethodNode.accept(MethodNode.java:835)
	at org.evosuite.shaded.org.objectweb.asm.commons.JSRInlinerAdapter.visitEnd(JSRInlinerAdapter.java:187)
	at org.evosuite.shaded.org.objectweb.asm.MethodVisitor.visitEnd(MethodVisitor.java:878)
	at org.evosuite.shaded.org.objectweb.asm.MethodVisitor.visitEnd(MethodVisitor.java:878)
	at org.evosuite.shaded.org.objectweb.asm.MethodVisitor.visitEnd(MethodVisitor.java:878)
	at org.evosuite.shaded.org.objectweb.asm.ClassReader.readMethod(ClassReader.java:1130)
	at org.evosuite.shaded.org.objectweb.asm.ClassReader.accept(ClassReader.java:698)
	at org.evosuite.shaded.org.objectweb.asm.ClassReader.accept(ClassReader.java:500)
	at org.evosuite.instrumentation.BytecodeInstrumentation.transformBytes(BytecodeInstrumentation.java:294)
	at org.evosuite.instrumentation.InstrumentingClassLoader.getTransformedBytes(InstrumentingClassLoader.java:175)
	at org.evosuite.instrumentation.InstrumentingClassLoader.instrumentClass(InstrumentingClassLoader.java:192)
	... 20 common frames omitted
Caused by: java.lang.NullPointerException: Class not found com/querydsl/core/types/Expression
	at org.evosuite.runtime.util.ComputeClassWriter.typeInfo(ComputeClassWriter.java:186)
	at org.evosuite.runtime.util.ComputeClassWriter.getCommonSuperClass(ComputeClassWriter.java:55)
	... 39 common frames omitted
[MASTER] 15:03:47.078 [pool-2-thread-1] ERROR ConcreteClassAnalyzer - Removing class from inheritance tree
[MASTER] 15:03:48.419 [pool-2-thread-1] ERROR ConcreteClassAnalyzer - Problem for com.recruit.recruitment.serviceImpl.UserServiceImpl. Class not found: org.springframework.amqp.rabbit.connection.LocalizedQueueConnectionFactory
java.lang.ClassNotFoundException: Class not found: com/rabbitmq/http/client/Client: java.lang.NullPointerException: Class not found com/rabbitmq/http/client/Client
	at org.evosuite.instrumentation.InstrumentingClassLoader.instrumentClass(InstrumentingClassLoader.java:201)
	at org.evosuite.instrumentation.InstrumentingClassLoader.loadClass(InstrumentingClassLoader.java:168)
	at java.lang.Class.forName0(Native Method)
	at java.lang.Class.forName(Class.java:348)
	at org.evosuite.setup.ConcreteClassAnalyzer.getConcreteClassesImpl(ConcreteClassAnalyzer.java:130)
	at org.evosuite.setup.ConcreteClassAnalyzer.getConcreteClasses(ConcreteClassAnalyzer.java:61)
	at org.evosuite.setup.TestClusterGenerator.addDependency(TestClusterGenerator.java:878)
	at org.evosuite.setup.TestClusterGenerator.addDependencies(TestClusterGenerator.java:764)
	at org.evosuite.setup.TestClusterGenerator.addDependencyClass(TestClusterGenerator.java:947)
	at org.evosuite.setup.TestClusterGenerator.resolveDependencies(TestClusterGenerator.java:358)
	at org.evosuite.setup.TestClusterGenerator.addInjectionDependencies(TestClusterGenerator.java:180)
	at org.evosuite.setup.TestClusterGenerator.generateCluster(TestClusterGenerator.java:142)
	at org.evosuite.setup.DependencyAnalysis.analyze(DependencyAnalysis.java:118)
	at org.evosuite.setup.DependencyAnalysis.analyzeClass(DependencyAnalysis.java:132)
	at org.evosuite.TestSuiteGenerator.initializeTargetClass(TestSuiteGenerator.java:110)
	at org.evosuite.TestSuiteGenerator.generateTestSuite(TestSuiteGenerator.java:130)
	at org.evosuite.rmi.service.ClientNodeImpl$1.run(ClientNodeImpl.java:145)
	at java.util.concurrent.Executors$RunnableAdapter.call(Executors.java:511)
	at java.util.concurrent.FutureTask.run(FutureTask.java:266)
	at java.util.concurrent.ThreadPoolExecutor.runWorker(ThreadPoolExecutor.java:1149)
	at java.util.concurrent.ThreadPoolExecutor$Worker.run(ThreadPoolExecutor.java:624)
	at java.lang.Thread.run(Thread.java:748)
Caused by: java.lang.RuntimeException: Class not found: com/rabbitmq/http/client/Client: java.lang.NullPointerException: Class not found com/rabbitmq/http/client/Client
	at org.evosuite.runtime.util.ComputeClassWriter.getCommonSuperClass(ComputeClassWriter.java:58)
	at org.evosuite.shaded.org.objectweb.asm.ClassWriter.getMergedType(ClassWriter.java:1729)
	at org.evosuite.shaded.org.objectweb.asm.Frame.merge(Frame.java:1530)
	at org.evosuite.shaded.org.objectweb.asm.Frame.merge(Frame.java:1429)
	at org.evosuite.shaded.org.objectweb.asm.MethodWriter.visitMaxs(MethodWriter.java:1497)
	at org.evosuite.shaded.org.objectweb.asm.MethodVisitor.visitMaxs(MethodVisitor.java:867)
	at org.evosuite.shaded.org.objectweb.asm.MethodVisitor.visitMaxs(MethodVisitor.java:867)
	at org.evosuite.shaded.org.objectweb.asm.MethodVisitor.visitMaxs(MethodVisitor.java:867)
	at org.evosuite.runtime.instrumentation.LoopCounterMethodAdapter.visitMaxs(LoopCounterMethodAdapter.java:48)
	at org.evosuite.shaded.org.objectweb.asm.tree.MethodNode.accept(MethodNode.java:835)
	at org.evosuite.shaded.org.objectweb.asm.commons.JSRInlinerAdapter.visitEnd(JSRInlinerAdapter.java:187)
	at org.evosuite.shaded.org.objectweb.asm.MethodVisitor.visitEnd(MethodVisitor.java:878)
	at org.evosuite.shaded.org.objectweb.asm.MethodVisitor.visitEnd(MethodVisitor.java:878)
	at org.evosuite.shaded.org.objectweb.asm.MethodVisitor.visitEnd(MethodVisitor.java:878)
	at org.evosuite.shaded.org.objectweb.asm.ClassReader.readMethod(ClassReader.java:1130)
	at org.evosuite.shaded.org.objectweb.asm.ClassReader.accept(ClassReader.java:698)
	at org.evosuite.shaded.org.objectweb.asm.ClassReader.accept(ClassReader.java:500)
	at org.evosuite.instrumentation.BytecodeInstrumentation.transformBytes(BytecodeInstrumentation.java:294)
	at org.evosuite.instrumentation.InstrumentingClassLoader.getTransformedBytes(InstrumentingClassLoader.java:175)
	at org.evosuite.instrumentation.InstrumentingClassLoader.instrumentClass(InstrumentingClassLoader.java:192)
	... 21 common frames omitted
Caused by: java.lang.NullPointerException: Class not found com/rabbitmq/http/client/Client
	at org.evosuite.runtime.util.ComputeClassWriter.typeInfo(ComputeClassWriter.java:186)
	at org.evosuite.runtime.util.ComputeClassWriter.getCommonSuperClass(ComputeClassWriter.java:55)
	... 40 common frames omitted
[MASTER] 15:03:48.419 [pool-2-thread-1] ERROR ConcreteClassAnalyzer - Removing class from inheritance tree
[MASTER] 15:04:27.995 [pool-2-thread-1] ERROR TestCluster - Failed to check cache for org.elasticsearch.common.xcontent.ObjectParser<Value, Context>.ValueType : Type points to itself
